============================= test session starts =============================
platform win32 -- Python 3.14.3, pytest-9.0.2, pluggy-1.6.0 -- C:\Python314\python.exe
cachedir: .pytest_cache
rootdir: D:\Files\Desktop\RetailIQ-Final-Workspace\RetailIQ
configfile: pytest.ini
testpaths: tests
plugins: anyio-4.12.1, asyncio-1.3.0, cov-7.0.0, flask-1.3.0
asyncio: mode=Mode.STRICT, debug=False, asyncio_default_fixture_loop_scope=None, asyncio_default_test_loop_scope=function
collecting ... collected 29 items / 27 deselected / 2 selected
run-last-failure: rerun previous 2 failures (skipped 24 files)

tests/test_events.py::test_prophet_uses_event_regressor FAILED           [ 50%]
tests/test_forecasting.py::TestEventRegressors::test_prophet_uses_event_regressor FAILED [100%]

================================== FAILURES ===================================
______________________ test_prophet_uses_event_regressor ______________________
tests\test_events.py:158: in test_prophet_uses_event_regressor
    assert data["model_type"] == "prophet"
E   AssertionError: assert 'ridge' == 'prophet'
E     
E     - prophet
E     + ridge
------------------------------ Captured log call ------------------------------
ERROR    prophet.plot:plot.py:39 Importing plotly failed. Interactive plots will not work.
DEBUG    cmdstanpy:command.py:37 cmd: where.exe tbb.dll
cwd: None
DEBUG    cmdstanpy:model.py:245 Adding TBB (C:\Users\avian\AppData\Roaming\Python\Python314\site-packages\prophet\stan_model\cmdstan-2.33.1\stan\lib\stan_math\lib\tbb) to PATH
WARNING  app.forecasting.engine:engine.py:329 Prophet failed (cannot reindex on an axis with duplicate labels); falling back to linear regression. Trace: Traceback (most recent call last):
  File "D:\Files\Desktop\RetailIQ-Final-Workspace\RetailIQ\app\forecasting\engine.py", line 320, in run_forecast
    points = _prophet_forecast(history, horizon, interval_width, events=events)
  File "D:\Files\Desktop\RetailIQ-Final-Workspace\RetailIQ\app\forecasting\engine.py", line 248, in _prophet_forecast
    m.fit(history[["ds", "y"] + [r[0] for r in active_regressors]])
    ~~~~~^^^^^^^^^^^^^^^^^^^^^^^^^^^^^^^^^^^^^^^^^^^^^^^^^^^^^^^^^^
  File "C:\Users\avian\AppData\Roaming\Python\Python314\site-packages\prophet\forecaster.py", line 1217, in fit
    model_inputs = self.preprocess(df, **kwargs)
  File "C:\Users\avian\AppData\Roaming\Python\Python314\site-packages\prophet\forecaster.py", line 1138, in preprocess
    self.make_all_seasonality_features(self.history))
    ~~~~~~~~~~~~~~~~~~~~~~~~~~~~~~~~~~^^^^^^^^^^^^^^
  File "C:\Users\avian\AppData\Roaming\Python\Python314\site-packages\prophet\forecaster.py", line 846, in make_all_seasonality_features
    component_cols, modes = self.regressor_column_matrix(
                            ~~~~~~~~~~~~~~~~~~~~~~~~~~~~^
        seasonal_features, modes
        ^^^^^^^^^^^^^^^^^^^^^^^^
    )
    ^
  File "C:\Users\avian\AppData\Roaming\Python\Python314\site-packages\prophet\forecaster.py", line 898, in regressor_column_matrix
    component_cols = pd.crosstab(
                     ~~~~~~~~~~~^
        components['col'], components['component'],
        ^^^^^^^^^^^^^^^^^^^^^^^^^^^^^^^^^^^^^^^^^^^
    ).sort_index(level='col')
    ^
  File "C:\Users\avian\AppData\Roaming\Python\Python314\site-packages\pandas\core\reshape\pivot.py", line 1099, in crosstab
    df = DataFrame(data, index=common_idx)
  File "C:\Users\avian\AppData\Roaming\Python\Python314\site-packages\pandas\core\frame.py", line 769, in __init__
    mgr = dict_to_mgr(data, index, columns, dtype=dtype, copy=copy)
  File "C:\Users\avian\AppData\Roaming\Python\Python314\site-packages\pandas\core\internals\construction.py", line 460, in dict_to_mgr
    return arrays_to_mgr(arrays, columns, index, dtype=dtype, consolidate=copy)
  File "C:\Users\avian\AppData\Roaming\Python\Python314\site-packages\pandas\core\internals\construction.py", line 118, in arrays_to_mgr
    arrays, refs = _homogenize(arrays, index, dtype)
                   ~~~~~~~~~~~^^^^^^^^^^^^^^^^^^^^^^
  File "C:\Users\avian\AppData\Roaming\Python\Python314\site-packages\pandas\core\internals\construction.py", line 568, in _homogenize
    val = val.reindex(index)
  File "C:\Users\avian\AppData\Roaming\Python\Python314\site-packages\pandas\core\series.py", line 5525, in reindex
    return super().reindex(
           ~~~~~~~~~~~~~~~^
        index=index,
        ^^^^^^^^^^^^
    ...<5 lines>...
        copy=copy,
        ^^^^^^^^^^
    )
    ^
  File "C:\Users\avian\AppData\Roaming\Python\Python314\site-packages\pandas\core\generic.py", line 5476, in reindex
    return self._reindex_axes(
           ~~~~~~~~~~~~~~~~~~^
        axes, level, limit, tolerance, method, fill_value
        ^^^^^^^^^^^^^^^^^^^^^^^^^^^^^^^^^^^^^^^^^^^^^^^^^
    ).__finalize__(self, method="reindex")
    ^
  File "C:\Users\avian\AppData\Roaming\Python\Python314\site-packages\pandas\core\generic.py", line 5498, in _reindex_axes
    new_index, indexer = ax.reindex(
                         ~~~~~~~~~~^
        labels, level=level, limit=limit, tolerance=tolerance, method=method
        ^^^^^^^^^^^^^^^^^^^^^^^^^^^^^^^^^^^^^^^^^^^^^^^^^^^^^^^^^^^^^^^^^^^^
    )
    ^
  File "C:\Users\avian\AppData\Roaming\Python\Python314\site-packages\pandas\core\indexes\base.py", line 4253, in reindex
    raise ValueError("cannot reindex on an axis with duplicate labels")
ValueError: cannot reindex on an axis with duplicate labels

WARNING  app:__init__.py:280 [SLOW REQUEST] GET /api/v1/forecasting/demand-sensing/1 took 544ms
____________ TestEventRegressors.test_prophet_uses_event_regressor ____________
tests\test_forecasting.py:494: in test_prophet_uses_event_regressor
    assert resp.json["data"]["model_type"] == "prophet"
E   AssertionError: assert 'ridge' == 'prophet'
E     
E     - prophet
E     + ridge
------------------------------ Captured log call ------------------------------
DEBUG    cmdstanpy:command.py:37 cmd: where.exe tbb.dll
cwd: None
DEBUG    cmdstanpy:model.py:254 TBB already found in load path
WARNING  app.forecasting.engine:engine.py:329 Prophet failed (cannot reindex on an axis with duplicate labels); falling back to linear regression. Trace: Traceback (most recent call last):
  File "D:\Files\Desktop\RetailIQ-Final-Workspace\RetailIQ\app\forecasting\engine.py", line 320, in run_forecast
    points = _prophet_forecast(history, horizon, interval_width, events=events)
  File "D:\Files\Desktop\RetailIQ-Final-Workspace\RetailIQ\app\forecasting\engine.py", line 248, in _prophet_forecast
    m.fit(history[["ds", "y"] + [r[0] for r in active_regressors]])
    ~~~~~^^^^^^^^^^^^^^^^^^^^^^^^^^^^^^^^^^^^^^^^^^^^^^^^^^^^^^^^^^
  File "C:\Users\avian\AppData\Roaming\Python\Python314\site-packages\prophet\forecaster.py", line 1217, in fit
    model_inputs = self.preprocess(df, **kwargs)
  File "C:\Users\avian\AppData\Roaming\Python\Python314\site-packages\prophet\forecaster.py", line 1138, in preprocess
    self.make_all_seasonality_features(self.history))
    ~~~~~~~~~~~~~~~~~~~~~~~~~~~~~~~~~~^^^^^^^^^^^^^^
  File "C:\Users\avian\AppData\Roaming\Python\Python314\site-packages\prophet\forecaster.py", line 846, in make_all_seasonality_features
    component_cols, modes = self.regressor_column_matrix(
                            ~~~~~~~~~~~~~~~~~~~~~~~~~~~~^
        seasonal_features, modes
        ^^^^^^^^^^^^^^^^^^^^^^^^
    )
    ^
  File "C:\Users\avian\AppData\Roaming\Python\Python314\site-packages\prophet\forecaster.py", line 898, in regressor_column_matrix
    component_cols = pd.crosstab(
                     ~~~~~~~~~~~^
        components['col'], components['component'],
        ^^^^^^^^^^^^^^^^^^^^^^^^^^^^^^^^^^^^^^^^^^^
    ).sort_index(level='col')
    ^
  File "C:\Users\avian\AppData\Roaming\Python\Python314\site-packages\pandas\core\reshape\pivot.py", line 1099, in crosstab
    df = DataFrame(data, index=common_idx)
  File "C:\Users\avian\AppData\Roaming\Python\Python314\site-packages\pandas\core\frame.py", line 769, in __init__
    mgr = dict_to_mgr(data, index, columns, dtype=dtype, copy=copy)
  File "C:\Users\avian\AppData\Roaming\Python\Python314\site-packages\pandas\core\internals\construction.py", line 460, in dict_to_mgr
    return arrays_to_mgr(arrays, columns, index, dtype=dtype, consolidate=copy)
  File "C:\Users\avian\AppData\Roaming\Python\Python314\site-packages\pandas\core\internals\construction.py", line 118, in arrays_to_mgr
    arrays, refs = _homogenize(arrays, index, dtype)
                   ~~~~~~~~~~~^^^^^^^^^^^^^^^^^^^^^^
  File "C:\Users\avian\AppData\Roaming\Python\Python314\site-packages\pandas\core\internals\construction.py", line 568, in _homogenize
    val = val.reindex(index)
  File "C:\Users\avian\AppData\Roaming\Python\Python314\site-packages\pandas\core\series.py", line 5525, in reindex
    return super().reindex(
           ~~~~~~~~~~~~~~~^
        index=index,
        ^^^^^^^^^^^^
    ...<5 lines>...
        copy=copy,
        ^^^^^^^^^^
    )
    ^
  File "C:\Users\avian\AppData\Roaming\Python\Python314\site-packages\pandas\core\generic.py", line 5476, in reindex
    return self._reindex_axes(
           ~~~~~~~~~~~~~~~~~~^
        axes, level, limit, tolerance, method, fill_value
        ^^^^^^^^^^^^^^^^^^^^^^^^^^^^^^^^^^^^^^^^^^^^^^^^^
    ).__finalize__(self, method="reindex")
    ^
  File "C:\Users\avian\AppData\Roaming\Python\Python314\site-packages\pandas\core\generic.py", line 5498, in _reindex_axes
    new_index, indexer = ax.reindex(
                         ~~~~~~~~~~^
        labels, level=level, limit=limit, tolerance=tolerance, method=method
        ^^^^^^^^^^^^^^^^^^^^^^^^^^^^^^^^^^^^^^^^^^^^^^^^^^^^^^^^^^^^^^^^^^^^
    )
    ^
  File "C:\Users\avian\AppData\Roaming\Python\Python314\site-packages\pandas\core\indexes\base.py", line 4253, in reindex
    raise ValueError("cannot reindex on an axis with duplicate labels")
ValueError: cannot reindex on an axis with duplicate labels
============================== warnings summary ===============================
app\auth\schemas.py:40
  D:\Files\Desktop\RetailIQ-Final-Workspace\RetailIQ\app\auth\schemas.py:40: RemovedInMarshmallow4Warning: The 'default' argument to fields is deprecated. Use 'dump_default' instead.
    role = fields.String(required=False, validate=validate.OneOf(["staff"]), default="staff")

tests/test_events.py: 90 warnings
tests/test_forecasting.py: 90 warnings
  C:\Users\avian\AppData\Roaming\Python\Python314\site-packages\sqlalchemy\engine\default.py:952: DeprecationWarning: The default date adapter is deprecated as of Python 3.12; see the sqlite3 documentation for suggested replacement recipes
    cursor.execute(statement, parameters)

-- Docs: https://docs.pytest.org/en/stable/how-to/capture-warnings.html
=========================== short test summary info ===========================
FAILED tests/test_events.py::test_prophet_uses_event_regressor - AssertionErr...
FAILED tests/test_forecasting.py::TestEventRegressors::test_prophet_uses_event_regressor
=============== 2 failed, 27 deselected, 181 warnings in 3.27s ================
